<?xml version="1.0" encoding="UTF-8" ?>
<testsuite failures="0" time="0.38" errors="1" skipped="0" tests="1" name="com.mpoliako.model.MessageTest">
  <properties>
    <property name="java.runtime.name" value="Java(TM) SE Runtime Environment"/>
    <property name="sun.boot.library.path" value="/usr/lib/jvm/java-7-oracle/jre/lib/amd64"/>
    <property name="java.vm.version" value="24.51-b03"/>
    <property name="java.vm.vendor" value="Oracle Corporation"/>
    <property name="java.vendor.url" value="http://java.oracle.com/"/>
    <property name="path.separator" value=":"/>
    <property name="guice.disable.misplaced.annotation.check" value="true"/>
    <property name="java.vm.name" value="Java HotSpot(TM) 64-Bit Server VM"/>
    <property name="file.encoding.pkg" value="sun.io"/>
    <property name="user.country" value="UA"/>
    <property name="sun.java.launcher" value="SUN_STANDARD"/>
    <property name="sun.os.patch.level" value="unknown"/>
    <property name="java.vm.specification.name" value="Java Virtual Machine Specification"/>
    <property name="user.dir" value="/home/mish/workspace/cv"/>
    <property name="java.runtime.version" value="1.7.0_51-b13"/>
    <property name="java.awt.graphicsenv" value="sun.awt.X11GraphicsEnvironment"/>
    <property name="basedir" value="/home/mish/workspace/cv"/>
    <property name="java.endorsed.dirs" value="/usr/lib/jvm/java-7-oracle/jre/lib/endorsed"/>
    <property name="os.arch" value="amd64"/>
    <property name="java.io.tmpdir" value="/tmp"/>
    <property name="line.separator" value="
"/>
    <property name="java.vm.specification.vendor" value="Oracle Corporation"/>
    <property name="os.name" value="Linux"/>
    <property name="classworlds.conf" value="/home/mish/workspace/.metadata/.plugins/org.eclipse.m2e.launching/launches/m2conf741119672059770276.tmp"/>
    <property name="sun.jnu.encoding" value="UTF-8"/>
    <property name="java.library.path" value="/usr/java/packages/lib/amd64:/usr/lib64:/lib64:/lib:/usr/lib"/>
    <property name="surefire.test.class.path" value="/home/mish/workspace/cv/target/test-classes:/home/mish/workspace/cv/target/classes:/home/mish/.m2/repository/junit/junit/4.9/junit-4.9.jar:/home/mish/.m2/repository/org/hamcrest/hamcrest-core/1.1/hamcrest-core-1.1.jar:/home/mish/.m2/repository/org/springframework/spring-core/3.2.1.RELEASE/spring-core-3.2.1.RELEASE.jar:/home/mish/.m2/repository/commons-logging/commons-logging/1.1.1/commons-logging-1.1.1.jar:/home/mish/.m2/repository/org/springframework/spring-expression/3.2.1.RELEASE/spring-expression-3.2.1.RELEASE.jar:/home/mish/.m2/repository/org/springframework/spring-beans/3.2.1.RELEASE/spring-beans-3.2.1.RELEASE.jar:/home/mish/.m2/repository/org/springframework/spring-context/3.2.1.RELEASE/spring-context-3.2.1.RELEASE.jar:/home/mish/.m2/repository/org/springframework/spring-aop/3.2.1.RELEASE/spring-aop-3.2.1.RELEASE.jar:/home/mish/.m2/repository/aopalliance/aopalliance/1.0/aopalliance-1.0.jar:/home/mish/.m2/repository/org/springframework/spring-context-support/3.2.1.RELEASE/spring-context-support-3.2.1.RELEASE.jar:/home/mish/.m2/repository/org/springframework/spring-tx/3.2.1.RELEASE/spring-tx-3.2.1.RELEASE.jar:/home/mish/.m2/repository/org/springframework/spring-jdbc/3.2.1.RELEASE/spring-jdbc-3.2.1.RELEASE.jar:/home/mish/.m2/repository/org/springframework/spring-orm/3.2.1.RELEASE/spring-orm-3.2.1.RELEASE.jar:/home/mish/.m2/repository/org/springframework/spring-web/3.2.1.RELEASE/spring-web-3.2.1.RELEASE.jar:/home/mish/.m2/repository/org/springframework/spring-webmvc/3.2.1.RELEASE/spring-webmvc-3.2.1.RELEASE.jar:/home/mish/.m2/repository/org/springframework/spring-test/3.2.1.RELEASE/spring-test-3.2.1.RELEASE.jar:/home/mish/.m2/repository/org/hibernate/hibernate-entitymanager/4.2.8.Final/hibernate-entitymanager-4.2.8.Final.jar:/home/mish/.m2/repository/org/jboss/logging/jboss-logging/3.1.0.GA/jboss-logging-3.1.0.GA.jar:/home/mish/.m2/repository/org/hibernate/hibernate-core/4.2.8.Final/hibernate-core-4.2.8.Final.jar:/home/mish/.m2/repository/antlr/antlr/2.7.7/antlr-2.7.7.jar:/home/mish/.m2/repository/dom4j/dom4j/1.6.1/dom4j-1.6.1.jar:/home/mish/.m2/repository/org/javassist/javassist/3.18.1-GA/javassist-3.18.1-GA.jar:/home/mish/.m2/repository/org/jboss/spec/javax/transaction/jboss-transaction-api_1.1_spec/1.0.1.Final/jboss-transaction-api_1.1_spec-1.0.1.Final.jar:/home/mish/.m2/repository/org/hibernate/javax/persistence/hibernate-jpa-2.0-api/1.0.1.Final/hibernate-jpa-2.0-api-1.0.1.Final.jar:/home/mish/.m2/repository/org/hibernate/common/hibernate-commons-annotations/4.0.2.Final/hibernate-commons-annotations-4.0.2.Final.jar:/home/mish/.m2/repository/com/mchange/c3p0/0.9.5-pre8/c3p0-0.9.5-pre8.jar:/home/mish/.m2/repository/com/mchange/mchange-commons-java/0.2.7/mchange-commons-java-0.2.7.jar:/home/mish/.m2/repository/mysql/mysql-connector-java/5.1.9/mysql-connector-java-5.1.9.jar:/home/mish/.m2/repository/org/hibernate/hibernate-validator/5.1.0.Alpha1/hibernate-validator-5.1.0.Alpha1.jar:/home/mish/.m2/repository/javax/validation/validation-api/1.1.0.Final/validation-api-1.1.0.Final.jar:/home/mish/.m2/repository/com/fasterxml/classmate/0.8.0/classmate-0.8.0.jar:/home/mish/.m2/repository/org/hibernate/hibernate-validator-cdi/5.1.0.Alpha1/hibernate-validator-cdi-5.1.0.Alpha1.jar:/home/mish/.m2/repository/javax/el/javax.el-api/2.2.4/javax.el-api-2.2.4.jar:/home/mish/.m2/repository/org/glassfish/web/javax.el/2.2.4/javax.el-2.2.4.jar:/home/mish/.m2/repository/jstl/jstl/1.2/jstl-1.2.jar:/home/mish/.m2/repository/org/apache/tiles/tiles-jsp/3.0.1/tiles-jsp-3.0.1.jar:/home/mish/.m2/repository/org/apache/tiles/tiles-servlet/3.0.1/tiles-servlet-3.0.1.jar:/home/mish/.m2/repository/org/apache/tiles/tiles-request-servlet/1.0.1/tiles-request-servlet-1.0.1.jar:/home/mish/.m2/repository/org/apache/tiles/tiles-template/3.0.1/tiles-template-3.0.1.jar:/home/mish/.m2/repository/org/apache/tiles/tiles-autotag-core-runtime/1.1.0/tiles-autotag-core-runtime-1.1.0.jar:/home/mish/.m2/repository/org/apache/tiles/tiles-request-jsp/1.0.1/tiles-request-jsp-1.0.1.jar:/home/mish/.m2/repository/org/apache/tiles/tiles-core/3.0.1/tiles-core-3.0.1.jar:/home/mish/.m2/repository/commons-digester/commons-digester/2.0/commons-digester-2.0.jar:/home/mish/.m2/repository/commons-beanutils/commons-beanutils/1.8.0/commons-beanutils-1.8.0.jar:/home/mish/.m2/repository/org/slf4j/jcl-over-slf4j/1.5.8/jcl-over-slf4j-1.5.8.jar:/home/mish/.m2/repository/org/apache/tiles/tiles-api/3.0.1/tiles-api-3.0.1.jar:/home/mish/.m2/repository/org/apache/tiles/tiles-request-api/1.0.1/tiles-request-api-1.0.1.jar:/home/mish/.m2/repository/org/slf4j/slf4j-log4j12/1.5.6/slf4j-log4j12-1.5.6.jar:/home/mish/.m2/repository/org/slf4j/slf4j-api/1.5.6/slf4j-api-1.5.6.jar:/home/mish/.m2/repository/log4j/log4j/1.2.14/log4j-1.2.14.jar:/home/mish/.m2/repository/javax/inject/javax.inject/1/javax.inject-1.jar:/home/mish/.m2/repository/javax/persistence/persistence-api/1.0/persistence-api-1.0.jar:/home/mish/.m2/repository/org/mockito/mockito-all/1.9.5/mockito-all-1.9.5.jar:"/>
    <property name="java.specification.name" value="Java Platform API Specification"/>
    <property name="java.class.version" value="51.0"/>
    <property name="sun.management.compiler" value="HotSpot 64-Bit Tiered Compilers"/>
    <property name="os.version" value="3.5.0-45-generic"/>
    <property name="user.home" value="/home/mish"/>
    <property name="user.timezone" value="Europe/Kiev"/>
    <property name="java.awt.printerjob" value="sun.print.PSPrinterJob"/>
    <property name="java.specification.version" value="1.7"/>
    <property name="file.encoding" value="UTF-8"/>
    <property name="user.name" value="mish"/>
    <property name="java.class.path" value="/home/mish/.eclipse/org.eclipse.platform_4.3.0_1473617060_linux_gtk_x86_64/configuration/org.eclipse.osgi/bundles/528/1/.cp/jars/plexus-classworlds-2.4.jar"/>
    <property name="java.vm.specification.version" value="1.7"/>
    <property name="sun.arch.data.model" value="64"/>
    <property name="java.home" value="/usr/lib/jvm/java-7-oracle/jre"/>
    <property name="sun.java.command" value="org.codehaus.plexus.classworlds.launcher.Launcher -DforkMode=never -B package"/>
    <property name="java.specification.vendor" value="Oracle Corporation"/>
    <property name="user.language" value="ru"/>
    <property name="awt.toolkit" value="sun.awt.X11.XToolkit"/>
    <property name="java.vm.info" value="mixed mode"/>
    <property name="java.version" value="1.7.0_51"/>
    <property name="java.ext.dirs" value="/usr/lib/jvm/java-7-oracle/jre/lib/ext:/usr/java/packages/lib/ext"/>
    <property name="securerandom.source" value="file:/dev/./urandom"/>
    <property name="sun.boot.class.path" value="/usr/lib/jvm/java-7-oracle/jre/lib/resources.jar:/usr/lib/jvm/java-7-oracle/jre/lib/rt.jar:/usr/lib/jvm/java-7-oracle/jre/lib/sunrsasign.jar:/usr/lib/jvm/java-7-oracle/jre/lib/jsse.jar:/usr/lib/jvm/java-7-oracle/jre/lib/jce.jar:/usr/lib/jvm/java-7-oracle/jre/lib/charsets.jar:/usr/lib/jvm/java-7-oracle/jre/lib/jfr.jar:/usr/lib/jvm/java-7-oracle/jre/classes"/>
    <property name="java.vendor" value="Oracle Corporation"/>
    <property name="maven.home" value="/home/mish/workspace/cv/EMBEDDED"/>
    <property name="localRepository" value="/home/mish/.m2/repository"/>
    <property name="file.separator" value="/"/>
    <property name="java.vendor.url.bug" value="http://bugreport.sun.com/bugreport/"/>
    <property name="forkMode" value="never"/>
    <property name="maven.bootclasspath" value="/home/mish/.eclipse/org.eclipse.platform_4.3.0_1473617060_linux_gtk_x86_64/configuration/org.eclipse.osgi/bundles/528/1/.cp/jars/plexus-classworlds-2.4.jar"/>
    <property name="sun.cpu.endian" value="little"/>
    <property name="sun.io.unicode.encoding" value="UnicodeLittle"/>
    <property name="sun.desktop" value="gnome"/>
    <property name="sun.cpu.isalist" value=""/>
  </properties>
  <testcase time="1.989" classname="com.mpoliako.model.MessageTest" name="com.mpoliako.model.MessageTest">
    <error message="javax/servlet/ServletRequest" type="java.lang.NoClassDefFoundError">java.lang.NoClassDefFoundError: javax/servlet/ServletRequest
	at org.springframework.web.context.support.WebApplicationContextUtils.registerWebApplicationScopes(WebApplicationContextUtils.java:162)
	at org.springframework.web.context.support.AbstractRefreshableWebApplicationContext.postProcessBeanFactory(AbstractRefreshableWebApplicationContext.java:168)
	at org.springframework.context.support.AbstractApplicationContext.refresh(AbstractApplicationContext.java:458)
	at com.mpoliako.model.MessageTest.setUp(MessageTest.java:26)
	at sun.reflect.NativeMethodAccessorImpl.invoke0(Native Method)
	at sun.reflect.NativeMethodAccessorImpl.invoke(NativeMethodAccessorImpl.java:57)
	at sun.reflect.DelegatingMethodAccessorImpl.invoke(DelegatingMethodAccessorImpl.java:43)
	at java.lang.reflect.Method.invoke(Method.java:606)
	at org.junit.runners.model.FrameworkMethod$1.runReflectiveCall(FrameworkMethod.java:44)
	at org.junit.internal.runners.model.ReflectiveCallable.run(ReflectiveCallable.java:15)
	at org.junit.runners.model.FrameworkMethod.invokeExplosively(FrameworkMethod.java:41)
	at org.junit.internal.runners.statements.RunBefores.evaluate(RunBefores.java:27)
	at org.junit.runners.ParentRunner.run(ParentRunner.java:292)
	at org.apache.maven.surefire.junit4.JUnit4TestSet.execute(JUnit4TestSet.java:53)
	at org.apache.maven.surefire.junit4.JUnit4Provider.executeTestSet(JUnit4Provider.java:123)
	at org.apache.maven.surefire.junit4.JUnit4Provider.invoke(JUnit4Provider.java:104)
	at sun.reflect.NativeMethodAccessorImpl.invoke0(Native Method)
	at sun.reflect.NativeMethodAccessorImpl.invoke(NativeMethodAccessorImpl.java:57)
	at sun.reflect.DelegatingMethodAccessorImpl.invoke(DelegatingMethodAccessorImpl.java:43)
	at java.lang.reflect.Method.invoke(Method.java:606)
	at org.apache.maven.surefire.util.ReflectionUtils.invokeMethodWithArray(ReflectionUtils.java:164)
	at org.apache.maven.surefire.booter.ProviderFactory$ProviderProxy.invoke(ProviderFactory.java:110)
	at org.apache.maven.surefire.booter.SurefireStarter.invokeProvider(SurefireStarter.java:175)
	at org.apache.maven.surefire.booter.SurefireStarter.runSuitesInProcess(SurefireStarter.java:123)
	at org.apache.maven.plugin.surefire.AbstractSurefireMojo.executeProvider(AbstractSurefireMojo.java:195)
	at org.apache.maven.plugin.surefire.AbstractSurefireMojo.executeAllProviders(AbstractSurefireMojo.java:177)
	at org.apache.maven.plugin.surefire.AbstractSurefireMojo.executeAfterPreconditionsChecked(AbstractSurefireMojo.java:135)
	at org.apache.maven.plugin.surefire.AbstractSurefireMojo.execute(AbstractSurefireMojo.java:98)
	at org.apache.maven.plugin.DefaultBuildPluginManager.executeMojo(DefaultBuildPluginManager.java:101)
	at org.apache.maven.lifecycle.internal.MojoExecutor.execute(MojoExecutor.java:209)
	at org.apache.maven.lifecycle.internal.MojoExecutor.execute(MojoExecutor.java:153)
	at org.apache.maven.lifecycle.internal.MojoExecutor.execute(MojoExecutor.java:145)
	at org.apache.maven.lifecycle.internal.LifecycleModuleBuilder.buildProject(LifecycleModuleBuilder.java:84)
	at org.apache.maven.lifecycle.internal.LifecycleModuleBuilder.buildProject(LifecycleModuleBuilder.java:59)
	at org.apache.maven.lifecycle.internal.LifecycleStarter.singleThreadedBuild(LifecycleStarter.java:183)
	at org.apache.maven.lifecycle.internal.LifecycleStarter.execute(LifecycleStarter.java:161)
	at org.apache.maven.DefaultMaven.doExecute(DefaultMaven.java:320)
	at org.apache.maven.DefaultMaven.execute(DefaultMaven.java:156)
	at org.apache.maven.cli.MavenCli.execute(MavenCli.java:537)
	at org.apache.maven.cli.MavenCli.doMain(MavenCli.java:196)
	at org.apache.maven.cli.MavenCli.main(MavenCli.java:141)
	at sun.reflect.NativeMethodAccessorImpl.invoke0(Native Method)
	at sun.reflect.NativeMethodAccessorImpl.invoke(NativeMethodAccessorImpl.java:57)
	at sun.reflect.DelegatingMethodAccessorImpl.invoke(DelegatingMethodAccessorImpl.java:43)
	at java.lang.reflect.Method.invoke(Method.java:606)
	at org.codehaus.plexus.classworlds.launcher.Launcher.launchEnhanced(Launcher.java:290)
	at org.codehaus.plexus.classworlds.launcher.Launcher.launch(Launcher.java:230)
	at org.codehaus.plexus.classworlds.launcher.Launcher.mainWithExitCode(Launcher.java:409)
	at org.codehaus.plexus.classworlds.launcher.Launcher.main(Launcher.java:352)
</error>
  </testcase>
</testsuite>